{"/Users/anmolvarma/tech-university/review2-redo/server.js": {"path":"/Users/anmolvarma/tech-university/review2-redo/server.js","statementMap":{"0":{"start":{"line":1,"column":13},"end":{"line":1,"column":28}},"1":{"start":{"line":2,"column":15},"end":{"line":2,"column":34}},"2":{"start":{"line":4,"column":15},"end":{"line":4,"column":32}},"3":{"start":{"line":5,"column":0},"end":{"line":8,"column":3}},"4":{"start":{"line":9,"column":0},"end":{"line":9,"column":21}},"5":{"start":{"line":11,"column":0},"end":{"line":18,"column":1}},"6":{"start":{"line":12,"column":2},"end":{"line":17,"column":5}},"7":{"start":{"line":13,"column":4},"end":{"line":15,"column":5}},"8":{"start":{"line":14,"column":6},"end":{"line":14,"column":18}},"9":{"start":{"line":16,"column":4},"end":{"line":16,"column":47}},"10":{"start":{"line":20,"column":0},"end":{"line":20,"column":24}}},"fnMap":{"0":{"name":"(anonymous_0)","decl":{"start":{"line":12,"column":15},"end":{"line":12,"column":16}},"loc":{"start":{"line":12,"column":24},"end":{"line":17,"column":3}},"line":12}},"branchMap":{"0":{"loc":{"start":{"line":11,"column":0},"end":{"line":18,"column":1}},"type":"if","locations":[{"start":{"line":11,"column":0},"end":{"line":18,"column":1}},{"start":{"line":11,"column":0},"end":{"line":18,"column":1}}],"line":11},"1":{"loc":{"start":{"line":13,"column":4},"end":{"line":15,"column":5}},"type":"if","locations":[{"start":{"line":13,"column":4},"end":{"line":15,"column":5}},{"start":{"line":13,"column":4},"end":{"line":15,"column":5}}],"line":13}},"s":{"0":1,"1":1,"2":1,"3":1,"4":1,"5":1,"6":0,"7":0,"8":0,"9":0,"10":1},"f":{"0":0},"b":{"0":[0,1],"1":[0,0]},"_coverageSchema":"332fd63041d2c1bcb487cc26dd0d5f7d97098a6c","hash":"f390ed6f17fd096dbfed1ebb158cea0f5cd025e7"}
,"/Users/anmolvarma/tech-university/review2-redo/models/booklist.js": {"path":"/Users/anmolvarma/tech-university/review2-redo/models/booklist.js","statementMap":{"0":{"start":{"line":4,"column":0},"end":{"line":19,"column":2}},"1":{"start":{"line":5,"column":17},"end":{"line":17,"column":4}},"2":{"start":{"line":18,"column":2},"end":{"line":18,"column":18}}},"fnMap":{"0":{"name":"(anonymous_0)","decl":{"start":{"line":4,"column":17},"end":{"line":4,"column":18}},"loc":{"start":{"line":4,"column":43},"end":{"line":19,"column":1}},"line":4},"1":{"name":"(anonymous_1)","decl":{"start":{"line":13,"column":17},"end":{"line":13,"column":18}},"loc":{"start":{"line":13,"column":34},"end":{"line":15,"column":7}},"line":13}},"branchMap":{},"s":{"0":1,"1":1,"2":1},"f":{"0":1,"1":0},"b":{},"_coverageSchema":"332fd63041d2c1bcb487cc26dd0d5f7d97098a6c","hash":"fac65fdb2d653b2ccefef3c27c698310b15276ea"}
,"/Users/anmolvarma/tech-university/review2-redo/models/index.js": {"path":"/Users/anmolvarma/tech-university/review2-redo/models/index.js","statementMap":{"0":{"start":{"line":3,"column":16},"end":{"line":3,"column":29}},"1":{"start":{"line":4,"column":16},"end":{"line":4,"column":31}},"2":{"start":{"line":5,"column":16},"end":{"line":5,"column":36}},"3":{"start":{"line":6,"column":16},"end":{"line":6,"column":41}},"4":{"start":{"line":7,"column":16},"end":{"line":7,"column":53}},"5":{"start":{"line":8,"column":16},"end":{"line":8,"column":66}},"6":{"start":{"line":9,"column":16},"end":{"line":9,"column":18}},"7":{"start":{"line":11,"column":0},"end":{"line":15,"column":1}},"8":{"start":{"line":12,"column":18},"end":{"line":12,"column":77}},"9":{"start":{"line":14,"column":18},"end":{"line":14,"column":90}},"10":{"start":{"line":17,"column":0},"end":{"line":25,"column":5}},"11":{"start":{"line":20,"column":4},"end":{"line":20,"column":90}},"12":{"start":{"line":23,"column":16},"end":{"line":23,"column":63}},"13":{"start":{"line":24,"column":4},"end":{"line":24,"column":27}},"14":{"start":{"line":27,"column":0},"end":{"line":31,"column":3}},"15":{"start":{"line":28,"column":2},"end":{"line":30,"column":3}},"16":{"start":{"line":29,"column":4},"end":{"line":29,"column":32}},"17":{"start":{"line":33,"column":0},"end":{"line":33,"column":25}},"18":{"start":{"line":34,"column":0},"end":{"line":34,"column":25}},"19":{"start":{"line":36,"column":0},"end":{"line":36,"column":20}}},"fnMap":{"0":{"name":"(anonymous_0)","decl":{"start":{"line":19,"column":10},"end":{"line":19,"column":11}},"loc":{"start":{"line":19,"column":18},"end":{"line":21,"column":3}},"line":19},"1":{"name":"(anonymous_1)","decl":{"start":{"line":22,"column":11},"end":{"line":22,"column":12}},"loc":{"start":{"line":22,"column":19},"end":{"line":25,"column":3}},"line":22},"2":{"name":"(anonymous_2)","decl":{"start":{"line":27,"column":24},"end":{"line":27,"column":25}},"loc":{"start":{"line":27,"column":37},"end":{"line":31,"column":1}},"line":27}},"branchMap":{"0":{"loc":{"start":{"line":7,"column":16},"end":{"line":7,"column":53}},"type":"binary-expr","locations":[{"start":{"line":7,"column":16},"end":{"line":7,"column":36}},{"start":{"line":7,"column":40},"end":{"line":7,"column":53}}],"line":7},"1":{"loc":{"start":{"line":11,"column":0},"end":{"line":15,"column":1}},"type":"if","locations":[{"start":{"line":11,"column":0},"end":{"line":15,"column":1}},{"start":{"line":11,"column":0},"end":{"line":15,"column":1}}],"line":11},"2":{"loc":{"start":{"line":20,"column":11},"end":{"line":20,"column":89}},"type":"binary-expr","locations":[{"start":{"line":20,"column":12},"end":{"line":20,"column":35}},{"start":{"line":20,"column":41},"end":{"line":20,"column":58}},{"start":{"line":20,"column":64},"end":{"line":20,"column":88}}],"line":20},"3":{"loc":{"start":{"line":28,"column":2},"end":{"line":30,"column":3}},"type":"if","locations":[{"start":{"line":28,"column":2},"end":{"line":30,"column":3}},{"start":{"line":28,"column":2},"end":{"line":30,"column":3}}],"line":28}},"s":{"0":1,"1":1,"2":1,"3":1,"4":1,"5":1,"6":1,"7":1,"8":0,"9":1,"10":1,"11":2,"12":1,"13":1,"14":1,"15":1,"16":0,"17":1,"18":1,"19":1},"f":{"0":2,"1":1,"2":1},"b":{"0":[1,0],"1":[0,1],"2":[2,2,1],"3":[0,1]},"_coverageSchema":"332fd63041d2c1bcb487cc26dd0d5f7d97098a6c","hash":"3ed56959af8c23e66ccaca1d01f9f1022cbb5ed5"}
,"/Users/anmolvarma/tech-university/review2-redo/routes/dislikeBook.js": {"path":"/Users/anmolvarma/tech-university/review2-redo/routes/dislikeBook.js","statementMap":{"0":{"start":{"line":1,"column":15},"end":{"line":1,"column":35}},"1":{"start":{"line":3,"column":0},"end":{"line":22,"column":5}},"2":{"start":{"line":8,"column":6},"end":{"line":20,"column":11}},"3":{"start":{"line":16,"column":10},"end":{"line":16,"column":159}},"4":{"start":{"line":16,"column":33},"end":{"line":16,"column":87}},"5":{"start":{"line":16,"column":97},"end":{"line":16,"column":157}},"6":{"start":{"line":19,"column":10},"end":{"line":19,"column":71}}},"fnMap":{"0":{"name":"(anonymous_0)","decl":{"start":{"line":7,"column":13},"end":{"line":7,"column":14}},"loc":{"start":{"line":7,"column":33},"end":{"line":21,"column":5}},"line":7},"1":{"name":"(anonymous_1)","decl":{"start":{"line":15,"column":14},"end":{"line":15,"column":15}},"loc":{"start":{"line":15,"column":26},"end":{"line":17,"column":9}},"line":15},"2":{"name":"(anonymous_2)","decl":{"start":{"line":18,"column":15},"end":{"line":18,"column":16}},"loc":{"start":{"line":18,"column":21},"end":{"line":20,"column":9}},"line":18}},"branchMap":{"0":{"loc":{"start":{"line":16,"column":10},"end":{"line":16,"column":159}},"type":"if","locations":[{"start":{"line":16,"column":10},"end":{"line":16,"column":159}},{"start":{"line":16,"column":10},"end":{"line":16,"column":159}}],"line":16}},"s":{"0":1,"1":1,"2":0,"3":0,"4":0,"5":0,"6":0},"f":{"0":0,"1":0,"2":0},"b":{"0":[0,0]},"_coverageSchema":"332fd63041d2c1bcb487cc26dd0d5f7d97098a6c","hash":"8731952884381ecb13fe6615966d9ce303c283a4"}
,"/Users/anmolvarma/tech-university/review2-redo/routes/getBooks.js": {"path":"/Users/anmolvarma/tech-university/review2-redo/routes/getBooks.js","statementMap":{"0":{"start":{"line":1,"column":11},"end":{"line":1,"column":37}},"1":{"start":{"line":2,"column":15},"end":{"line":2,"column":35}},"2":{"start":{"line":4,"column":0},"end":{"line":46,"column":5}},"3":{"start":{"line":9,"column":18},"end":{"line":9,"column":87}},"4":{"start":{"line":11,"column":6},"end":{"line":44,"column":11}},"5":{"start":{"line":13,"column":23},"end":{"line":13,"column":41}},"6":{"start":{"line":14,"column":10},"end":{"line":14,"column":32}},"7":{"start":{"line":15,"column":10},"end":{"line":15,"column":142}},"8":{"start":{"line":15,"column":44},"end":{"line":15,"column":140}},"9":{"start":{"line":17,"column":22},"end":{"line":17,"column":39}},"10":{"start":{"line":18,"column":26},"end":{"line":22,"column":10}},"11":{"start":{"line":19,"column":27},"end":{"line":19,"column":32}},"12":{"start":{"line":20,"column":10},"end":{"line":20,"column":63}},"13":{"start":{"line":21,"column":10},"end":{"line":21,"column":26}},"14":{"start":{"line":24,"column":10},"end":{"line":32,"column":13}},"15":{"start":{"line":25,"column":12},"end":{"line":31,"column":15}},"16":{"start":{"line":33,"column":10},"end":{"line":33,"column":22}},"17":{"start":{"line":36,"column":10},"end":{"line":36,"column":38}},"18":{"start":{"line":37,"column":10},"end":{"line":39,"column":11}},"19":{"start":{"line":37,"column":24},"end":{"line":37,"column":87}},"20":{"start":{"line":38,"column":12},"end":{"line":38,"column":65}},"21":{"start":{"line":42,"column":10},"end":{"line":42,"column":29}},"22":{"start":{"line":43,"column":10},"end":{"line":43,"column":23}}},"fnMap":{"0":{"name":"(anonymous_0)","decl":{"start":{"line":8,"column":13},"end":{"line":8,"column":14}},"loc":{"start":{"line":8,"column":33},"end":{"line":45,"column":5}},"line":8},"1":{"name":"(anonymous_1)","decl":{"start":{"line":12,"column":14},"end":{"line":12,"column":15}},"loc":{"start":{"line":12,"column":26},"end":{"line":16,"column":9}},"line":12},"2":{"name":"(anonymous_2)","decl":{"start":{"line":15,"column":32},"end":{"line":15,"column":33}},"loc":{"start":{"line":15,"column":44},"end":{"line":15,"column":140}},"line":15},"3":{"name":"(anonymous_3)","decl":{"start":{"line":17,"column":14},"end":{"line":17,"column":15}},"loc":{"start":{"line":17,"column":22},"end":{"line":17,"column":39}},"line":17},"4":{"name":"(anonymous_4)","decl":{"start":{"line":18,"column":14},"end":{"line":18,"column":15}},"loc":{"start":{"line":18,"column":26},"end":{"line":22,"column":10}},"line":18},"5":{"name":"(anonymous_5)","decl":{"start":{"line":18,"column":39},"end":{"line":18,"column":40}},"loc":{"start":{"line":18,"column":57},"end":{"line":22,"column":9}},"line":18},"6":{"name":"(anonymous_6)","decl":{"start":{"line":23,"column":14},"end":{"line":23,"column":15}},"loc":{"start":{"line":23,"column":34},"end":{"line":34,"column":9}},"line":23},"7":{"name":"(anonymous_7)","decl":{"start":{"line":24,"column":33},"end":{"line":24,"column":34}},"loc":{"start":{"line":24,"column":48},"end":{"line":32,"column":11}},"line":24},"8":{"name":"(anonymous_8)","decl":{"start":{"line":35,"column":14},"end":{"line":35,"column":15}},"loc":{"start":{"line":35,"column":26},"end":{"line":40,"column":9}},"line":35},"9":{"name":"(anonymous_9)","decl":{"start":{"line":41,"column":15},"end":{"line":41,"column":16}},"loc":{"start":{"line":41,"column":26},"end":{"line":44,"column":9}},"line":41}},"branchMap":{"0":{"loc":{"start":{"line":37,"column":10},"end":{"line":39,"column":11}},"type":"if","locations":[{"start":{"line":37,"column":10},"end":{"line":39,"column":11}},{"start":{"line":37,"column":10},"end":{"line":39,"column":11}}],"line":37}},"s":{"0":1,"1":1,"2":1,"3":0,"4":0,"5":0,"6":0,"7":0,"8":0,"9":0,"10":0,"11":0,"12":0,"13":0,"14":0,"15":0,"16":0,"17":0,"18":0,"19":0,"20":0,"21":0,"22":0},"f":{"0":0,"1":0,"2":0,"3":0,"4":0,"5":0,"6":0,"7":0,"8":0,"9":0},"b":{"0":[0,0]},"_coverageSchema":"332fd63041d2c1bcb487cc26dd0d5f7d97098a6c","hash":"4ebf7e02ea91136f24bbd5575b2403355d3747ba"}
,"/Users/anmolvarma/tech-university/review2-redo/routes/getBooksAndRating.js": {"path":"/Users/anmolvarma/tech-university/review2-redo/routes/getBooksAndRating.js","statementMap":{"0":{"start":{"line":1,"column":11},"end":{"line":1,"column":37}},"1":{"start":{"line":3,"column":0},"end":{"line":38,"column":5}},"2":{"start":{"line":8,"column":18},"end":{"line":8,"column":87}},"3":{"start":{"line":10,"column":6},"end":{"line":36,"column":11}},"4":{"start":{"line":12,"column":23},"end":{"line":12,"column":41}},"5":{"start":{"line":13,"column":10},"end":{"line":13,"column":32}},"6":{"start":{"line":14,"column":10},"end":{"line":14,"column":142}},"7":{"start":{"line":14,"column":44},"end":{"line":14,"column":140}},"8":{"start":{"line":16,"column":22},"end":{"line":16,"column":39}},"9":{"start":{"line":17,"column":26},"end":{"line":21,"column":10}},"10":{"start":{"line":18,"column":27},"end":{"line":18,"column":32}},"11":{"start":{"line":19,"column":10},"end":{"line":19,"column":63}},"12":{"start":{"line":20,"column":10},"end":{"line":20,"column":26}},"13":{"start":{"line":22,"column":32},"end":{"line":29,"column":14}},"14":{"start":{"line":23,"column":10},"end":{"line":27,"column":11}},"15":{"start":{"line":24,"column":12},"end":{"line":24,"column":50}},"16":{"start":{"line":26,"column":12},"end":{"line":26,"column":43}},"17":{"start":{"line":28,"column":10},"end":{"line":28,"column":24}},"18":{"start":{"line":31,"column":10},"end":{"line":31,"column":24}},"19":{"start":{"line":34,"column":10},"end":{"line":34,"column":29}},"20":{"start":{"line":35,"column":10},"end":{"line":35,"column":23}}},"fnMap":{"0":{"name":"(anonymous_0)","decl":{"start":{"line":7,"column":13},"end":{"line":7,"column":14}},"loc":{"start":{"line":7,"column":33},"end":{"line":37,"column":5}},"line":7},"1":{"name":"(anonymous_1)","decl":{"start":{"line":11,"column":14},"end":{"line":11,"column":15}},"loc":{"start":{"line":11,"column":26},"end":{"line":15,"column":9}},"line":11},"2":{"name":"(anonymous_2)","decl":{"start":{"line":14,"column":32},"end":{"line":14,"column":33}},"loc":{"start":{"line":14,"column":44},"end":{"line":14,"column":140}},"line":14},"3":{"name":"(anonymous_3)","decl":{"start":{"line":16,"column":14},"end":{"line":16,"column":15}},"loc":{"start":{"line":16,"column":22},"end":{"line":16,"column":39}},"line":16},"4":{"name":"(anonymous_4)","decl":{"start":{"line":17,"column":14},"end":{"line":17,"column":15}},"loc":{"start":{"line":17,"column":26},"end":{"line":21,"column":10}},"line":17},"5":{"name":"(anonymous_5)","decl":{"start":{"line":17,"column":39},"end":{"line":17,"column":40}},"loc":{"start":{"line":17,"column":57},"end":{"line":21,"column":9}},"line":17},"6":{"name":"(anonymous_6)","decl":{"start":{"line":22,"column":14},"end":{"line":22,"column":15}},"loc":{"start":{"line":22,"column":32},"end":{"line":29,"column":14}},"line":22},"7":{"name":"(anonymous_7)","decl":{"start":{"line":22,"column":54},"end":{"line":22,"column":55}},"loc":{"start":{"line":22,"column":72},"end":{"line":29,"column":9}},"line":22},"8":{"name":"(anonymous_8)","decl":{"start":{"line":30,"column":14},"end":{"line":30,"column":15}},"loc":{"start":{"line":30,"column":26},"end":{"line":32,"column":9}},"line":30},"9":{"name":"(anonymous_9)","decl":{"start":{"line":33,"column":15},"end":{"line":33,"column":16}},"loc":{"start":{"line":33,"column":26},"end":{"line":36,"column":9}},"line":33}},"branchMap":{"0":{"loc":{"start":{"line":23,"column":10},"end":{"line":27,"column":11}},"type":"if","locations":[{"start":{"line":23,"column":10},"end":{"line":27,"column":11}},{"start":{"line":23,"column":10},"end":{"line":27,"column":11}}],"line":23}},"s":{"0":1,"1":1,"2":0,"3":0,"4":0,"5":0,"6":0,"7":0,"8":0,"9":0,"10":0,"11":0,"12":0,"13":0,"14":0,"15":0,"16":0,"17":0,"18":0,"19":0,"20":0},"f":{"0":0,"1":0,"2":0,"3":0,"4":0,"5":0,"6":0,"7":0,"8":0,"9":0},"b":{"0":[0,0]},"_coverageSchema":"332fd63041d2c1bcb487cc26dd0d5f7d97098a6c","hash":"08dbb96fedc6ad3831c6348a8afffb369d250926"}
,"/Users/anmolvarma/tech-university/review2-redo/routes/getBooksDetails.js": {"path":"/Users/anmolvarma/tech-university/review2-redo/routes/getBooksDetails.js","statementMap":{"0":{"start":{"line":1,"column":15},"end":{"line":1,"column":35}},"1":{"start":{"line":3,"column":0},"end":{"line":30,"column":5}},"2":{"start":{"line":10,"column":20},"end":{"line":10,"column":22}},"3":{"start":{"line":11,"column":6},"end":{"line":28,"column":57}},"4":{"start":{"line":12,"column":8},"end":{"line":20,"column":11}},"5":{"start":{"line":13,"column":10},"end":{"line":19,"column":13}},"6":{"start":{"line":21,"column":20},"end":{"line":28,"column":12}},"7":{"start":{"line":22,"column":8},"end":{"line":26,"column":9}},"8":{"start":{"line":23,"column":10},"end":{"line":23,"column":48}},"9":{"start":{"line":25,"column":10},"end":{"line":25,"column":41}},"10":{"start":{"line":27,"column":8},"end":{"line":27,"column":22}},"11":{"start":{"line":28,"column":34},"end":{"line":28,"column":55}}},"fnMap":{"0":{"name":"(anonymous_0)","decl":{"start":{"line":7,"column":13},"end":{"line":7,"column":14}},"loc":{"start":{"line":7,"column":36},"end":{"line":29,"column":5}},"line":7},"1":{"name":"(anonymous_1)","decl":{"start":{"line":11,"column":37},"end":{"line":11,"column":38}},"loc":{"start":{"line":11,"column":49},"end":{"line":21,"column":7}},"line":11},"2":{"name":"(anonymous_2)","decl":{"start":{"line":12,"column":23},"end":{"line":12,"column":24}},"loc":{"start":{"line":12,"column":33},"end":{"line":20,"column":9}},"line":12},"3":{"name":"(anonymous_3)","decl":{"start":{"line":21,"column":14},"end":{"line":21,"column":15}},"loc":{"start":{"line":21,"column":20},"end":{"line":28,"column":12}},"line":21},"4":{"name":"(anonymous_4)","decl":{"start":{"line":21,"column":35},"end":{"line":21,"column":36}},"loc":{"start":{"line":21,"column":53},"end":{"line":28,"column":7}},"line":21},"5":{"name":"(anonymous_5)","decl":{"start":{"line":28,"column":19},"end":{"line":28,"column":20}},"loc":{"start":{"line":28,"column":34},"end":{"line":28,"column":55}},"line":28}},"branchMap":{"0":{"loc":{"start":{"line":22,"column":8},"end":{"line":26,"column":9}},"type":"if","locations":[{"start":{"line":22,"column":8},"end":{"line":26,"column":9}},{"start":{"line":22,"column":8},"end":{"line":26,"column":9}}],"line":22}},"s":{"0":1,"1":1,"2":2,"3":2,"4":2,"5":24,"6":2,"7":24,"8":4,"9":20,"10":24,"11":2},"f":{"0":2,"1":2,"2":24,"3":2,"4":24,"5":2},"b":{"0":[4,20]},"_coverageSchema":"332fd63041d2c1bcb487cc26dd0d5f7d97098a6c","hash":"832601e12f73086b0721a3ab4b96faca278d144d"}
,"/Users/anmolvarma/tech-university/review2-redo/routes/index.js": {"path":"/Users/anmolvarma/tech-university/review2-redo/routes/index.js","statementMap":{"0":{"start":{"line":1,"column":15},"end":{"line":1,"column":45}},"1":{"start":{"line":2,"column":16},"end":{"line":2,"column":37}},"2":{"start":{"line":3,"column":17},"end":{"line":3,"column":38}},"3":{"start":{"line":4,"column":20},"end":{"line":4,"column":44}},"4":{"start":{"line":5,"column":23},"end":{"line":5,"column":51}},"5":{"start":{"line":8,"column":0},"end":{"line":8,"column":83}}},"fnMap":{},"branchMap":{},"s":{"0":1,"1":1,"2":1,"3":1,"4":1,"5":1},"f":{},"b":{},"_coverageSchema":"332fd63041d2c1bcb487cc26dd0d5f7d97098a6c","hash":"e181f7c64fe547c55628c9656a36ea96ce844c13"}
,"/Users/anmolvarma/tech-university/review2-redo/routes/likeBook.js": {"path":"/Users/anmolvarma/tech-university/review2-redo/routes/likeBook.js","statementMap":{"0":{"start":{"line":1,"column":15},"end":{"line":1,"column":35}},"1":{"start":{"line":3,"column":0},"end":{"line":22,"column":5}},"2":{"start":{"line":8,"column":6},"end":{"line":20,"column":11}},"3":{"start":{"line":16,"column":10},"end":{"line":16,"column":156}},"4":{"start":{"line":16,"column":33},"end":{"line":16,"column":84}},"5":{"start":{"line":16,"column":94},"end":{"line":16,"column":154}},"6":{"start":{"line":19,"column":10},"end":{"line":19,"column":71}}},"fnMap":{"0":{"name":"(anonymous_0)","decl":{"start":{"line":7,"column":13},"end":{"line":7,"column":14}},"loc":{"start":{"line":7,"column":33},"end":{"line":21,"column":5}},"line":7},"1":{"name":"(anonymous_1)","decl":{"start":{"line":15,"column":14},"end":{"line":15,"column":15}},"loc":{"start":{"line":15,"column":26},"end":{"line":17,"column":9}},"line":15},"2":{"name":"(anonymous_2)","decl":{"start":{"line":18,"column":15},"end":{"line":18,"column":16}},"loc":{"start":{"line":18,"column":21},"end":{"line":20,"column":9}},"line":18}},"branchMap":{"0":{"loc":{"start":{"line":16,"column":10},"end":{"line":16,"column":156}},"type":"if","locations":[{"start":{"line":16,"column":10},"end":{"line":16,"column":156}},{"start":{"line":16,"column":10},"end":{"line":16,"column":156}}],"line":16}},"s":{"0":1,"1":1,"2":0,"3":0,"4":0,"5":0,"6":0},"f":{"0":0,"1":0,"2":0},"b":{"0":[0,0]},"_coverageSchema":"332fd63041d2c1bcb487cc26dd0d5f7d97098a6c","hash":"da9945e31e60785768d71c3e55035ed8935ad465"}
}
