TN:
SF:/Users/anmolvarma/tech-university/review2-redo/server.js
FN:12,(anonymous_0)
FNF:1
FNH:0
FNDA:0,(anonymous_0)
DA:1,1
DA:2,1
DA:4,1
DA:5,1
DA:9,1
DA:11,1
DA:12,0
DA:13,0
DA:14,0
DA:16,0
DA:20,1
LF:11
LH:7
BRDA:11,0,0,0
BRDA:11,0,1,1
BRDA:13,1,0,0
BRDA:13,1,1,0
BRF:4
BRH:1
end_of_record
TN:
SF:/Users/anmolvarma/tech-university/review2-redo/models/booklist.js
FN:4,(anonymous_0)
FN:13,(anonymous_1)
FNF:2
FNH:1
FNDA:1,(anonymous_0)
FNDA:0,(anonymous_1)
DA:4,1
DA:5,1
DA:18,1
LF:3
LH:3
BRF:0
BRH:0
end_of_record
TN:
SF:/Users/anmolvarma/tech-university/review2-redo/models/index.js
FN:19,(anonymous_0)
FN:22,(anonymous_1)
FN:27,(anonymous_2)
FNF:3
FNH:3
FNDA:2,(anonymous_0)
FNDA:1,(anonymous_1)
FNDA:1,(anonymous_2)
DA:3,1
DA:4,1
DA:5,1
DA:6,1
DA:7,1
DA:8,1
DA:9,1
DA:11,1
DA:12,0
DA:14,1
DA:17,1
DA:20,2
DA:23,1
DA:24,1
DA:27,1
DA:28,1
DA:29,0
DA:33,1
DA:34,1
DA:36,1
LF:20
LH:18
BRDA:7,0,0,1
BRDA:7,0,1,0
BRDA:11,1,0,0
BRDA:11,1,1,1
BRDA:20,2,0,2
BRDA:20,2,1,2
BRDA:20,2,2,1
BRDA:28,3,0,0
BRDA:28,3,1,1
BRF:9
BRH:6
end_of_record
TN:
SF:/Users/anmolvarma/tech-university/review2-redo/routes/dislikeBook.js
FN:7,(anonymous_0)
FN:15,(anonymous_1)
FN:18,(anonymous_2)
FNF:3
FNH:0
FNDA:0,(anonymous_0)
FNDA:0,(anonymous_1)
FNDA:0,(anonymous_2)
DA:1,1
DA:3,1
DA:8,0
DA:16,0
DA:19,0
LF:5
LH:2
BRDA:16,0,0,0
BRDA:16,0,1,0
BRF:2
BRH:0
end_of_record
TN:
SF:/Users/anmolvarma/tech-university/review2-redo/routes/getBooks.js
FN:8,(anonymous_0)
FN:12,(anonymous_1)
FN:15,(anonymous_2)
FN:17,(anonymous_3)
FN:18,(anonymous_4)
FN:18,(anonymous_5)
FN:23,(anonymous_6)
FN:24,(anonymous_7)
FN:35,(anonymous_8)
FN:41,(anonymous_9)
FNF:10
FNH:0
FNDA:0,(anonymous_0)
FNDA:0,(anonymous_1)
FNDA:0,(anonymous_2)
FNDA:0,(anonymous_3)
FNDA:0,(anonymous_4)
FNDA:0,(anonymous_5)
FNDA:0,(anonymous_6)
FNDA:0,(anonymous_7)
FNDA:0,(anonymous_8)
FNDA:0,(anonymous_9)
DA:1,1
DA:2,1
DA:4,1
DA:9,0
DA:11,0
DA:13,0
DA:14,0
DA:15,0
DA:17,0
DA:18,0
DA:19,0
DA:20,0
DA:21,0
DA:24,0
DA:25,0
DA:33,0
DA:36,0
DA:37,0
DA:38,0
DA:42,0
DA:43,0
LF:21
LH:3
BRDA:37,0,0,0
BRDA:37,0,1,0
BRF:2
BRH:0
end_of_record
TN:
SF:/Users/anmolvarma/tech-university/review2-redo/routes/getBooksAndRating.js
FN:7,(anonymous_0)
FN:11,(anonymous_1)
FN:14,(anonymous_2)
FN:16,(anonymous_3)
FN:17,(anonymous_4)
FN:17,(anonymous_5)
FN:22,(anonymous_6)
FN:22,(anonymous_7)
FN:30,(anonymous_8)
FN:33,(anonymous_9)
FNF:10
FNH:0
FNDA:0,(anonymous_0)
FNDA:0,(anonymous_1)
FNDA:0,(anonymous_2)
FNDA:0,(anonymous_3)
FNDA:0,(anonymous_4)
FNDA:0,(anonymous_5)
FNDA:0,(anonymous_6)
FNDA:0,(anonymous_7)
FNDA:0,(anonymous_8)
FNDA:0,(anonymous_9)
DA:1,1
DA:3,1
DA:8,0
DA:10,0
DA:12,0
DA:13,0
DA:14,0
DA:16,0
DA:17,0
DA:18,0
DA:19,0
DA:20,0
DA:22,0
DA:23,0
DA:24,0
DA:26,0
DA:28,0
DA:31,0
DA:34,0
DA:35,0
LF:20
LH:2
BRDA:23,0,0,0
BRDA:23,0,1,0
BRF:2
BRH:0
end_of_record
TN:
SF:/Users/anmolvarma/tech-university/review2-redo/routes/getBooksDetails.js
FN:7,(anonymous_0)
FN:11,(anonymous_1)
FN:12,(anonymous_2)
FN:21,(anonymous_3)
FN:21,(anonymous_4)
FN:28,(anonymous_5)
FNF:6
FNH:6
FNDA:2,(anonymous_0)
FNDA:2,(anonymous_1)
FNDA:24,(anonymous_2)
FNDA:2,(anonymous_3)
FNDA:24,(anonymous_4)
FNDA:2,(anonymous_5)
DA:1,1
DA:3,1
DA:10,2
DA:11,2
DA:12,2
DA:13,24
DA:21,2
DA:22,24
DA:23,4
DA:25,20
DA:27,24
DA:28,2
LF:12
LH:12
BRDA:22,0,0,4
BRDA:22,0,1,20
BRF:2
BRH:2
end_of_record
TN:
SF:/Users/anmolvarma/tech-university/review2-redo/routes/index.js
FNF:0
FNH:0
DA:1,1
DA:2,1
DA:3,1
DA:4,1
DA:5,1
DA:8,1
LF:6
LH:6
BRF:0
BRH:0
end_of_record
TN:
SF:/Users/anmolvarma/tech-university/review2-redo/routes/likeBook.js
FN:7,(anonymous_0)
FN:15,(anonymous_1)
FN:18,(anonymous_2)
FNF:3
FNH:0
FNDA:0,(anonymous_0)
FNDA:0,(anonymous_1)
FNDA:0,(anonymous_2)
DA:1,1
DA:3,1
DA:8,0
DA:16,0
DA:19,0
LF:5
LH:2
BRDA:16,0,0,0
BRDA:16,0,1,0
BRF:2
BRH:0
end_of_record
